<?xml version="1.0" encoding="UTF-8"?>
<robot generator="Robot 5.0.1 (Python 3.10.2 on win32)" generated="20230325 20:21:49.518" rpa="false" schemaversion="3">
<suite id="s1" name="Formulario" source="C:\Users\user\OneDrive - Prime Control\Área de Trabalho\É_Culpa_do_Ciano\PYTHON\AutomacaoFormulario\tests\formulario.robot">
<test id="s1-t1" name="Create a user" line="10">
<kw name="New Session" library="hooks" type="SETUP">
<kw name="Open Browser" library="SeleniumLibrary">
<arg>about:blank</arg>
<arg>${browser}</arg>
<doc>Opens a new browser instance to the optional ``url``.</doc>
<msg timestamp="20230325 20:21:51.133" level="INFO">Opening browser 'firefox' to base url 'about:blank'.</msg>
<msg timestamp="20230325 20:21:51.137" level="INFO">Firefox driver log is always forced to to: C:\Users\user\OneDrive - Prime Control\Área de Trabalho\É_Culpa_do_Ciano\PYTHON\AutomacaoFormulario\tests\log\geckodriver-30.log</msg>
<status status="PASS" starttime="20230325 20:21:51.133" endtime="20230325 20:21:56.377"/>
</kw>
<kw name="Maximize Browser Window" library="SeleniumLibrary">
<doc>Maximizes current browser window.</doc>
<status status="PASS" starttime="20230325 20:21:56.377" endtime="20230325 20:21:56.379"/>
</kw>
<kw name="Go To" library="SeleniumLibrary">
<arg>${url}</arg>
<doc>Navigates the current browser window to the provided ``url``.</doc>
<msg timestamp="20230325 20:21:56.380" level="INFO">Opening url 'https://mairahdepetris.github.io/Formulario_Cadastro_Usuario/'</msg>
<status status="PASS" starttime="20230325 20:21:56.380" endtime="20230325 20:21:56.653"/>
</kw>
<status status="PASS" starttime="20230325 20:21:51.133" endtime="20230325 20:21:56.654"/>
</kw>
<kw name="Get Users" library="helpers">
<var>${usuarios}</var>
<msg timestamp="20230325 20:21:57.004" level="INFO">${usuarios} = [{'nome': 'Ariane da Cruz de Carvalho', 'email': 'ariane.carvalho@case.com', 'telefone': '(41) 98501-6785', 'sexo': 'Feminino', 'cidade': 'Colombo', 'estado': 'PR', 'endereco': 'Rua\xa0São João - 455....</msg>
<status status="PASS" starttime="20230325 20:21:56.654" endtime="20230325 20:21:57.004"/>
</kw>
<for flavor="IN">
<var>${usuario}</var>
<value>@{usuarios}</value>
<iter>
<var name="${usuario}">{'nome': 'Ariane da Cruz de Carvalho', 'email': 'ariane.carvalho@case.com', 'telefone': '(41) 98501-6785', 'sexo': 'Feminino', 'cidade': 'Colombo', 'estado': 'PR', 'endereco': 'Rua\xa0São João - 455.'...</var>
<kw name="Set Variable" library="BuiltIn">
<var>${nome}</var>
<arg>${usuario.get('nome')}</arg>
<doc>Returns the given values which can then be assigned to a variables.</doc>
<msg timestamp="20230325 20:21:57.007" level="INFO">${nome} = Ariane da Cruz de Carvalho</msg>
<status status="PASS" starttime="20230325 20:21:57.006" endtime="20230325 20:21:57.007"/>
</kw>
<kw name="Set Variable" library="BuiltIn">
<var>${email}</var>
<arg>${usuario.get('email')}</arg>
<doc>Returns the given values which can then be assigned to a variables.</doc>
<msg timestamp="20230325 20:21:57.008" level="INFO">${email} = ariane.carvalho@case.com</msg>
<status status="PASS" starttime="20230325 20:21:57.007" endtime="20230325 20:21:57.008"/>
</kw>
<kw name="Set Variable" library="BuiltIn">
<var>${tel}</var>
<arg>${usuario.get('telefone')}</arg>
<doc>Returns the given values which can then be assigned to a variables.</doc>
<msg timestamp="20230325 20:21:57.010" level="INFO">${tel} = (41) 98501-6785</msg>
<status status="PASS" starttime="20230325 20:21:57.009" endtime="20230325 20:21:57.010"/>
</kw>
<kw name="Set Variable" library="BuiltIn">
<var>${sexo}</var>
<arg>${usuario.get('sexo')}</arg>
<doc>Returns the given values which can then be assigned to a variables.</doc>
<msg timestamp="20230325 20:21:57.011" level="INFO">${sexo} = Feminino</msg>
<status status="PASS" starttime="20230325 20:21:57.010" endtime="20230325 20:21:57.011"/>
</kw>
<kw name="Set Variable" library="BuiltIn">
<var>${cidade}</var>
<arg>${usuario.get('cidade')}</arg>
<doc>Returns the given values which can then be assigned to a variables.</doc>
<msg timestamp="20230325 20:21:57.012" level="INFO">${cidade} = Colombo</msg>
<status status="PASS" starttime="20230325 20:21:57.012" endtime="20230325 20:21:57.013"/>
</kw>
<kw name="Set Variable" library="BuiltIn">
<var>${estado}</var>
<arg>${usuario.get('estado')}</arg>
<doc>Returns the given values which can then be assigned to a variables.</doc>
<msg timestamp="20230325 20:21:57.013" level="INFO">${estado} = PR</msg>
<status status="PASS" starttime="20230325 20:21:57.013" endtime="20230325 20:21:57.013"/>
</kw>
<kw name="Set Variable" library="BuiltIn">
<var>${endereco}</var>
<arg>${usuario.get('endereco')}</arg>
<doc>Returns the given values which can then be assigned to a variables.</doc>
<msg timestamp="20230325 20:21:57.014" level="INFO">${endereco} = Rua São João - 455.</msg>
<status status="PASS" starttime="20230325 20:21:57.014" endtime="20230325 20:21:57.014"/>
</kw>
<kw name="Insert name" library="kws_formulario">
<arg>${nome}</arg>
<kw name="Wait Until Element Is Visible" library="SeleniumLibrary">
<arg>${forms_nome}</arg>
<doc>Waits until the element ``locator`` is visible.</doc>
<status status="PASS" starttime="20230325 20:21:57.015" endtime="20230325 20:21:57.043"/>
</kw>
<kw name="Click Element" library="SeleniumLibrary">
<arg>${forms_nome}</arg>
<doc>Click the element identified by ``locator``.</doc>
<msg timestamp="20230325 20:21:57.044" level="INFO">Clicking element 'id=nome'.</msg>
<status status="PASS" starttime="20230325 20:21:57.043" endtime="20230325 20:21:57.272"/>
</kw>
<kw name="Input Text" library="SeleniumLibrary">
<arg>${forms_nome}</arg>
<arg>${nome}</arg>
<doc>Types the given ``text`` into the text field identified by ``locator``.</doc>
<msg timestamp="20230325 20:21:57.272" level="INFO">Typing text 'Ariane da Cruz de Carvalho' into text field 'id=nome'.</msg>
<status status="PASS" starttime="20230325 20:21:57.272" endtime="20230325 20:21:57.294"/>
</kw>
<kw name="Sleep" library="BuiltIn">
<arg>0.5s</arg>
<doc>Pauses the test executed for the given time.</doc>
<msg timestamp="20230325 20:21:57.798" level="INFO">Slept 500 milliseconds</msg>
<status status="PASS" starttime="20230325 20:21:57.295" endtime="20230325 20:21:57.798"/>
</kw>
<status status="PASS" starttime="20230325 20:21:57.015" endtime="20230325 20:21:57.798"/>
</kw>
<kw name="Insert email" library="kws_formulario">
<arg>${email}</arg>
<kw name="Wait Until Element Is Visible" library="SeleniumLibrary">
<arg>${forms_email}</arg>
<doc>Waits until the element ``locator`` is visible.</doc>
<status status="PASS" starttime="20230325 20:21:57.799" endtime="20230325 20:21:57.813"/>
</kw>
<kw name="Click Element" library="SeleniumLibrary">
<arg>${forms_email}</arg>
<doc>Click the element identified by ``locator``.</doc>
<msg timestamp="20230325 20:21:57.814" level="INFO">Clicking element 'id=email'.</msg>
<status status="PASS" starttime="20230325 20:21:57.813" endtime="20230325 20:21:58.030"/>
</kw>
<kw name="Input Text" library="SeleniumLibrary">
<arg>${forms_email}</arg>
<arg>${email}</arg>
<doc>Types the given ``text`` into the text field identified by ``locator``.</doc>
<msg timestamp="20230325 20:21:58.031" level="INFO">Typing text 'ariane.carvalho@case.com' into text field 'id=email'.</msg>
<status status="PASS" starttime="20230325 20:21:58.030" endtime="20230325 20:21:58.047"/>
</kw>
<kw name="Sleep" library="BuiltIn">
<arg>0.5s</arg>
<doc>Pauses the test executed for the given time.</doc>
<msg timestamp="20230325 20:21:58.554" level="INFO">Slept 500 milliseconds</msg>
<status status="PASS" starttime="20230325 20:21:58.047" endtime="20230325 20:21:58.554"/>
</kw>
<status status="PASS" starttime="20230325 20:21:57.798" endtime="20230325 20:21:58.555"/>
</kw>
<kw name="Insert tel" library="kws_formulario">
<arg>${tel}</arg>
<kw name="Wait Until Element Is Visible" library="SeleniumLibrary">
<arg>${forms_telefone}</arg>
<doc>Waits until the element ``locator`` is visible.</doc>
<status status="PASS" starttime="20230325 20:21:58.557" endtime="20230325 20:21:58.592"/>
</kw>
<kw name="Click Element" library="SeleniumLibrary">
<arg>${forms_telefone}</arg>
<doc>Click the element identified by ``locator``.</doc>
<msg timestamp="20230325 20:21:58.593" level="INFO">Clicking element 'id=telefone'.</msg>
<status status="PASS" starttime="20230325 20:21:58.592" endtime="20230325 20:21:58.818"/>
</kw>
<kw name="Input Text" library="SeleniumLibrary">
<arg>${forms_telefone}</arg>
<arg>${tel}</arg>
<doc>Types the given ``text`` into the text field identified by ``locator``.</doc>
<msg timestamp="20230325 20:21:58.820" level="INFO">Typing text '(41) 98501-6785' into text field 'id=telefone'.</msg>
<status status="PASS" starttime="20230325 20:21:58.819" endtime="20230325 20:21:58.840"/>
</kw>
<kw name="Sleep" library="BuiltIn">
<arg>0.5s</arg>
<doc>Pauses the test executed for the given time.</doc>
<msg timestamp="20230325 20:21:59.348" level="INFO">Slept 500 milliseconds</msg>
<status status="PASS" starttime="20230325 20:21:58.841" endtime="20230325 20:21:59.349"/>
</kw>
<status status="PASS" starttime="20230325 20:21:58.556" endtime="20230325 20:21:59.349"/>
</kw>
<kw name="Insert sexo" library="kws_formulario">
<arg>${sexo}</arg>
<kw name="Set Variable" library="BuiltIn">
<var>${sexo_f}</var>
<arg>${sexo.lower() == 'feminino'}</arg>
<doc>Returns the given values which can then be assigned to a variables.</doc>
<msg timestamp="20230325 20:21:59.354" level="INFO">${sexo_f} = True</msg>
<status status="PASS" starttime="20230325 20:21:59.351" endtime="20230325 20:21:59.354"/>
</kw>
<kw name="Set Variable" library="BuiltIn">
<var>${sexo_m}</var>
<arg>${sexo.lower() == 'masculino'}</arg>
<doc>Returns the given values which can then be assigned to a variables.</doc>
<msg timestamp="20230325 20:21:59.357" level="INFO">${sexo_m} = False</msg>
<status status="PASS" starttime="20230325 20:21:59.354" endtime="20230325 20:21:59.357"/>
</kw>
<kw name="Set Variable" library="BuiltIn">
<var>${sexo_o}</var>
<arg>${sexo.lower() == 'outros'}</arg>
<doc>Returns the given values which can then be assigned to a variables.</doc>
<msg timestamp="20230325 20:21:59.360" level="INFO">${sexo_o} = False</msg>
<status status="PASS" starttime="20230325 20:21:59.357" endtime="20230325 20:21:59.360"/>
</kw>
<kw name="Run Keyword If" library="BuiltIn">
<arg>${sexo_m}</arg>
<arg>Click Element</arg>
<arg>${forms_sexo_masc}</arg>
<doc>Runs the given keyword with the given arguments, if ``condition`` is true.</doc>
<status status="PASS" starttime="20230325 20:21:59.361" endtime="20230325 20:21:59.361"/>
</kw>
<kw name="Run Keyword If" library="BuiltIn">
<arg>${sexo_f}</arg>
<arg>Click Element</arg>
<arg>${forms_sexo_femi}</arg>
<doc>Runs the given keyword with the given arguments, if ``condition`` is true.</doc>
<kw name="Click Element" library="SeleniumLibrary">
<arg>${forms_sexo_femi}</arg>
<doc>Click the element identified by ``locator``.</doc>
<msg timestamp="20230325 20:21:59.364" level="INFO">Clicking element 'id=feminino'.</msg>
<status status="PASS" starttime="20230325 20:21:59.363" endtime="20230325 20:21:59.599"/>
</kw>
<status status="PASS" starttime="20230325 20:21:59.362" endtime="20230325 20:21:59.600"/>
</kw>
<kw name="Run Keyword If" library="BuiltIn">
<arg>${sexo_o}</arg>
<arg>Click Element</arg>
<arg>${forms_sexo_outro}</arg>
<doc>Runs the given keyword with the given arguments, if ``condition`` is true.</doc>
<status status="PASS" starttime="20230325 20:21:59.600" endtime="20230325 20:21:59.601"/>
</kw>
<kw name="Sleep" library="BuiltIn">
<arg>0.5s</arg>
<doc>Pauses the test executed for the given time.</doc>
<msg timestamp="20230325 20:22:00.107" level="INFO">Slept 500 milliseconds</msg>
<status status="PASS" starttime="20230325 20:21:59.602" endtime="20230325 20:22:00.107"/>
</kw>
<status status="PASS" starttime="20230325 20:21:59.350" endtime="20230325 20:22:00.107"/>
</kw>
<kw name="Insert cidade" library="kws_formulario">
<arg>${cidade}</arg>
<kw name="Wait Until Element Is Visible" library="SeleniumLibrary">
<arg>${forms_cidade}</arg>
<doc>Waits until the element ``locator`` is visible.</doc>
<status status="PASS" starttime="20230325 20:22:00.107" endtime="20230325 20:22:00.134"/>
</kw>
<kw name="Click Element" library="SeleniumLibrary">
<arg>${forms_cidade}</arg>
<doc>Click the element identified by ``locator``.</doc>
<msg timestamp="20230325 20:22:00.134" level="INFO">Clicking element 'id=cidade'.</msg>
<status status="PASS" starttime="20230325 20:22:00.134" endtime="20230325 20:22:00.356"/>
</kw>
<kw name="Input Text" library="SeleniumLibrary">
<arg>${forms_cidade}</arg>
<arg>${cidade}</arg>
<doc>Types the given ``text`` into the text field identified by ``locator``.</doc>
<msg timestamp="20230325 20:22:00.357" level="INFO">Typing text 'Colombo' into text field 'id=cidade'.</msg>
<status status="PASS" starttime="20230325 20:22:00.356" endtime="20230325 20:22:00.375"/>
</kw>
<kw name="Sleep" library="BuiltIn">
<arg>0.5s</arg>
<doc>Pauses the test executed for the given time.</doc>
<msg timestamp="20230325 20:22:00.885" level="INFO">Slept 500 milliseconds</msg>
<status status="PASS" starttime="20230325 20:22:00.375" endtime="20230325 20:22:00.885"/>
</kw>
<status status="PASS" starttime="20230325 20:22:00.107" endtime="20230325 20:22:00.886"/>
</kw>
<kw name="Insert estado" library="kws_formulario">
<arg>${estado}</arg>
<kw name="Wait Until Element Is Visible" library="SeleniumLibrary">
<arg>${forms_estado}</arg>
<doc>Waits until the element ``locator`` is visible.</doc>
<status status="PASS" starttime="20230325 20:22:00.888" endtime="20230325 20:22:00.934"/>
</kw>
<kw name="Click Element" library="SeleniumLibrary">
<arg>${forms_estado}</arg>
<doc>Click the element identified by ``locator``.</doc>
<msg timestamp="20230325 20:22:00.935" level="INFO">Clicking element 'id=estado'.</msg>
<status status="PASS" starttime="20230325 20:22:00.934" endtime="20230325 20:22:01.151"/>
</kw>
<kw name="Input Text" library="SeleniumLibrary">
<arg>${forms_estado}</arg>
<arg>${estado}</arg>
<doc>Types the given ``text`` into the text field identified by ``locator``.</doc>
<msg timestamp="20230325 20:22:01.151" level="INFO">Typing text 'PR' into text field 'id=estado'.</msg>
<status status="PASS" starttime="20230325 20:22:01.151" endtime="20230325 20:22:01.166"/>
</kw>
<kw name="Sleep" library="BuiltIn">
<arg>0.5s</arg>
<doc>Pauses the test executed for the given time.</doc>
<msg timestamp="20230325 20:22:01.677" level="INFO">Slept 500 milliseconds</msg>
<status status="PASS" starttime="20230325 20:22:01.166" endtime="20230325 20:22:01.677"/>
</kw>
<status status="PASS" starttime="20230325 20:22:00.887" endtime="20230325 20:22:01.678"/>
</kw>
<kw name="Insert endereço" library="kws_formulario">
<arg>${endereco}</arg>
<kw name="Wait Until Element Is Visible" library="SeleniumLibrary">
<arg>${forms_endereco}</arg>
<doc>Waits until the element ``locator`` is visible.</doc>
<status status="PASS" starttime="20230325 20:22:01.680" endtime="20230325 20:22:01.722"/>
</kw>
<kw name="Click Element" library="SeleniumLibrary">
<arg>${forms_endereco}</arg>
<doc>Click the element identified by ``locator``.</doc>
<msg timestamp="20230325 20:22:01.723" level="INFO">Clicking element 'id=endereco'.</msg>
<status status="PASS" starttime="20230325 20:22:01.722" endtime="20230325 20:22:01.942"/>
</kw>
<kw name="Input Text" library="SeleniumLibrary">
<arg>${forms_endereco}</arg>
<arg>${endereco}</arg>
<doc>Types the given ``text`` into the text field identified by ``locator``.</doc>
<msg timestamp="20230325 20:22:01.943" level="INFO">Typing text 'Rua São João - 455.' into text field 'id=endereco'.</msg>
<status status="PASS" starttime="20230325 20:22:01.942" endtime="20230325 20:22:01.959"/>
</kw>
<kw name="Sleep" library="BuiltIn">
<arg>0.5s</arg>
<doc>Pauses the test executed for the given time.</doc>
<msg timestamp="20230325 20:22:02.474" level="INFO">Slept 500 milliseconds</msg>
<status status="PASS" starttime="20230325 20:22:01.960" endtime="20230325 20:22:02.474"/>
</kw>
<status status="PASS" starttime="20230325 20:22:01.678" endtime="20230325 20:22:02.474"/>
</kw>
<kw name="Finish creation" library="kws_formulario">
<kw name="Wait Until Element Is Visible" library="SeleniumLibrary">
<arg>${forms_enviar}</arg>
<doc>Waits until the element ``locator`` is visible.</doc>
<status status="PASS" starttime="20230325 20:22:02.475" endtime="20230325 20:22:02.485"/>
</kw>
<kw name="Click Element" library="SeleniumLibrary">
<arg>${forms_enviar}</arg>
<doc>Click the element identified by ``locator``.</doc>
<msg timestamp="20230325 20:22:02.486" level="INFO">Clicking element 'id=submit'.</msg>
<status status="PASS" starttime="20230325 20:22:02.486" endtime="20230325 20:22:02.536"/>
</kw>
<kw name="Sleep" library="BuiltIn">
<arg>2s</arg>
<doc>Pauses the test executed for the given time.</doc>
<msg timestamp="20230325 20:22:04.541" level="INFO">Slept 2 seconds</msg>
<status status="PASS" starttime="20230325 20:22:02.536" endtime="20230325 20:22:04.541"/>
</kw>
<status status="PASS" starttime="20230325 20:22:02.474" endtime="20230325 20:22:04.542"/>
</kw>
<status status="PASS" starttime="20230325 20:21:57.006" endtime="20230325 20:22:04.542"/>
</iter>
<iter>
<var name="${usuario}">{'nome': 'Carla Dias', 'email': 'carla.dias@case.com', 'telefone': '(41) 96525-7825', 'sexo': 'Feminino', 'cidade': 'Curitiba', 'estado': 'PR', 'endereco': 'Rua\xa0São José - 638.'}</var>
<kw name="Set Variable" library="BuiltIn">
<var>${nome}</var>
<arg>${usuario.get('nome')}</arg>
<doc>Returns the given values which can then be assigned to a variables.</doc>
<msg timestamp="20230325 20:22:04.543" level="INFO">${nome} = Carla Dias</msg>
<status status="PASS" starttime="20230325 20:22:04.542" endtime="20230325 20:22:04.543"/>
</kw>
<kw name="Set Variable" library="BuiltIn">
<var>${email}</var>
<arg>${usuario.get('email')}</arg>
<doc>Returns the given values which can then be assigned to a variables.</doc>
<msg timestamp="20230325 20:22:04.544" level="INFO">${email} = carla.dias@case.com</msg>
<status status="PASS" starttime="20230325 20:22:04.543" endtime="20230325 20:22:04.544"/>
</kw>
<kw name="Set Variable" library="BuiltIn">
<var>${tel}</var>
<arg>${usuario.get('telefone')}</arg>
<doc>Returns the given values which can then be assigned to a variables.</doc>
<msg timestamp="20230325 20:22:04.545" level="INFO">${tel} = (41) 96525-7825</msg>
<status status="PASS" starttime="20230325 20:22:04.544" endtime="20230325 20:22:04.545"/>
</kw>
<kw name="Set Variable" library="BuiltIn">
<var>${sexo}</var>
<arg>${usuario.get('sexo')}</arg>
<doc>Returns the given values which can then be assigned to a variables.</doc>
<msg timestamp="20230325 20:22:04.546" level="INFO">${sexo} = Feminino</msg>
<status status="PASS" starttime="20230325 20:22:04.545" endtime="20230325 20:22:04.546"/>
</kw>
<kw name="Set Variable" library="BuiltIn">
<var>${cidade}</var>
<arg>${usuario.get('cidade')}</arg>
<doc>Returns the given values which can then be assigned to a variables.</doc>
<msg timestamp="20230325 20:22:04.547" level="INFO">${cidade} = Curitiba</msg>
<status status="PASS" starttime="20230325 20:22:04.546" endtime="20230325 20:22:04.547"/>
</kw>
<kw name="Set Variable" library="BuiltIn">
<var>${estado}</var>
<arg>${usuario.get('estado')}</arg>
<doc>Returns the given values which can then be assigned to a variables.</doc>
<msg timestamp="20230325 20:22:04.548" level="INFO">${estado} = PR</msg>
<status status="PASS" starttime="20230325 20:22:04.547" endtime="20230325 20:22:04.548"/>
</kw>
<kw name="Set Variable" library="BuiltIn">
<var>${endereco}</var>
<arg>${usuario.get('endereco')}</arg>
<doc>Returns the given values which can then be assigned to a variables.</doc>
<msg timestamp="20230325 20:22:04.549" level="INFO">${endereco} = Rua São José - 638.</msg>
<status status="PASS" starttime="20230325 20:22:04.548" endtime="20230325 20:22:04.549"/>
</kw>
<kw name="Insert name" library="kws_formulario">
<arg>${nome}</arg>
<kw name="Wait Until Element Is Visible" library="SeleniumLibrary">
<arg>${forms_nome}</arg>
<doc>Waits until the element ``locator`` is visible.</doc>
<status status="PASS" starttime="20230325 20:22:04.549" endtime="20230325 20:22:04.565"/>
</kw>
<kw name="Click Element" library="SeleniumLibrary">
<arg>${forms_nome}</arg>
<doc>Click the element identified by ``locator``.</doc>
<msg timestamp="20230325 20:22:04.566" level="INFO">Clicking element 'id=nome'.</msg>
<status status="PASS" starttime="20230325 20:22:04.565" endtime="20230325 20:22:04.777"/>
</kw>
<kw name="Input Text" library="SeleniumLibrary">
<arg>${forms_nome}</arg>
<arg>${nome}</arg>
<doc>Types the given ``text`` into the text field identified by ``locator``.</doc>
<msg timestamp="20230325 20:22:04.779" level="INFO">Typing text 'Carla Dias' into text field 'id=nome'.</msg>
<status status="PASS" starttime="20230325 20:22:04.778" endtime="20230325 20:22:04.806"/>
</kw>
<kw name="Sleep" library="BuiltIn">
<arg>0.5s</arg>
<doc>Pauses the test executed for the given time.</doc>
<msg timestamp="20230325 20:22:05.319" level="INFO">Slept 500 milliseconds</msg>
<status status="PASS" starttime="20230325 20:22:04.806" endtime="20230325 20:22:05.319"/>
</kw>
<status status="PASS" starttime="20230325 20:22:04.549" endtime="20230325 20:22:05.319"/>
</kw>
<kw name="Insert email" library="kws_formulario">
<arg>${email}</arg>
<kw name="Wait Until Element Is Visible" library="SeleniumLibrary">
<arg>${forms_email}</arg>
<doc>Waits until the element ``locator`` is visible.</doc>
<status status="PASS" starttime="20230325 20:22:05.320" endtime="20230325 20:22:05.334"/>
</kw>
<kw name="Click Element" library="SeleniumLibrary">
<arg>${forms_email}</arg>
<doc>Click the element identified by ``locator``.</doc>
<msg timestamp="20230325 20:22:05.334" level="INFO">Clicking element 'id=email'.</msg>
<status status="PASS" starttime="20230325 20:22:05.334" endtime="20230325 20:22:05.555"/>
</kw>
<kw name="Input Text" library="SeleniumLibrary">
<arg>${forms_email}</arg>
<arg>${email}</arg>
<doc>Types the given ``text`` into the text field identified by ``locator``.</doc>
<msg timestamp="20230325 20:22:05.557" level="INFO">Typing text 'carla.dias@case.com' into text field 'id=email'.</msg>
<status status="PASS" starttime="20230325 20:22:05.555" endtime="20230325 20:22:05.590"/>
</kw>
<kw name="Sleep" library="BuiltIn">
<arg>0.5s</arg>
<doc>Pauses the test executed for the given time.</doc>
<msg timestamp="20230325 20:22:06.094" level="INFO">Slept 500 milliseconds</msg>
<status status="PASS" starttime="20230325 20:22:05.590" endtime="20230325 20:22:06.094"/>
</kw>
<status status="PASS" starttime="20230325 20:22:05.319" endtime="20230325 20:22:06.094"/>
</kw>
<kw name="Insert tel" library="kws_formulario">
<arg>${tel}</arg>
<kw name="Wait Until Element Is Visible" library="SeleniumLibrary">
<arg>${forms_telefone}</arg>
<doc>Waits until the element ``locator`` is visible.</doc>
<status status="PASS" starttime="20230325 20:22:06.095" endtime="20230325 20:22:06.107"/>
</kw>
<kw name="Click Element" library="SeleniumLibrary">
<arg>${forms_telefone}</arg>
<doc>Click the element identified by ``locator``.</doc>
<msg timestamp="20230325 20:22:06.108" level="INFO">Clicking element 'id=telefone'.</msg>
<status status="PASS" starttime="20230325 20:22:06.108" endtime="20230325 20:22:06.331"/>
</kw>
<kw name="Input Text" library="SeleniumLibrary">
<arg>${forms_telefone}</arg>
<arg>${tel}</arg>
<doc>Types the given ``text`` into the text field identified by ``locator``.</doc>
<msg timestamp="20230325 20:22:06.332" level="INFO">Typing text '(41) 96525-7825' into text field 'id=telefone'.</msg>
<status status="PASS" starttime="20230325 20:22:06.331" endtime="20230325 20:22:06.348"/>
</kw>
<kw name="Sleep" library="BuiltIn">
<arg>0.5s</arg>
<doc>Pauses the test executed for the given time.</doc>
<msg timestamp="20230325 20:22:06.856" level="INFO">Slept 500 milliseconds</msg>
<status status="PASS" starttime="20230325 20:22:06.348" endtime="20230325 20:22:06.856"/>
</kw>
<status status="PASS" starttime="20230325 20:22:06.094" endtime="20230325 20:22:06.857"/>
</kw>
<kw name="Insert sexo" library="kws_formulario">
<arg>${sexo}</arg>
<kw name="Set Variable" library="BuiltIn">
<var>${sexo_f}</var>
<arg>${sexo.lower() == 'feminino'}</arg>
<doc>Returns the given values which can then be assigned to a variables.</doc>
<msg timestamp="20230325 20:22:06.859" level="INFO">${sexo_f} = True</msg>
<status status="PASS" starttime="20230325 20:22:06.858" endtime="20230325 20:22:06.859"/>
</kw>
<kw name="Set Variable" library="BuiltIn">
<var>${sexo_m}</var>
<arg>${sexo.lower() == 'masculino'}</arg>
<doc>Returns the given values which can then be assigned to a variables.</doc>
<msg timestamp="20230325 20:22:06.861" level="INFO">${sexo_m} = False</msg>
<status status="PASS" starttime="20230325 20:22:06.860" endtime="20230325 20:22:06.861"/>
</kw>
<kw name="Set Variable" library="BuiltIn">
<var>${sexo_o}</var>
<arg>${sexo.lower() == 'outros'}</arg>
<doc>Returns the given values which can then be assigned to a variables.</doc>
<msg timestamp="20230325 20:22:06.862" level="INFO">${sexo_o} = False</msg>
<status status="PASS" starttime="20230325 20:22:06.861" endtime="20230325 20:22:06.862"/>
</kw>
<kw name="Run Keyword If" library="BuiltIn">
<arg>${sexo_m}</arg>
<arg>Click Element</arg>
<arg>${forms_sexo_masc}</arg>
<doc>Runs the given keyword with the given arguments, if ``condition`` is true.</doc>
<status status="PASS" starttime="20230325 20:22:06.862" endtime="20230325 20:22:06.863"/>
</kw>
<kw name="Run Keyword If" library="BuiltIn">
<arg>${sexo_f}</arg>
<arg>Click Element</arg>
<arg>${forms_sexo_femi}</arg>
<doc>Runs the given keyword with the given arguments, if ``condition`` is true.</doc>
<kw name="Click Element" library="SeleniumLibrary">
<arg>${forms_sexo_femi}</arg>
<doc>Click the element identified by ``locator``.</doc>
<msg timestamp="20230325 20:22:06.863" level="INFO">Clicking element 'id=feminino'.</msg>
<status status="PASS" starttime="20230325 20:22:06.863" endtime="20230325 20:22:07.074"/>
</kw>
<status status="PASS" starttime="20230325 20:22:06.863" endtime="20230325 20:22:07.074"/>
</kw>
<kw name="Run Keyword If" library="BuiltIn">
<arg>${sexo_o}</arg>
<arg>Click Element</arg>
<arg>${forms_sexo_outro}</arg>
<doc>Runs the given keyword with the given arguments, if ``condition`` is true.</doc>
<status status="PASS" starttime="20230325 20:22:07.074" endtime="20230325 20:22:07.074"/>
</kw>
<kw name="Sleep" library="BuiltIn">
<arg>0.5s</arg>
<doc>Pauses the test executed for the given time.</doc>
<msg timestamp="20230325 20:22:07.585" level="INFO">Slept 500 milliseconds</msg>
<status status="PASS" starttime="20230325 20:22:07.074" endtime="20230325 20:22:07.585"/>
</kw>
<status status="PASS" starttime="20230325 20:22:06.857" endtime="20230325 20:22:07.585"/>
</kw>
<kw name="Insert cidade" library="kws_formulario">
<arg>${cidade}</arg>
<kw name="Wait Until Element Is Visible" library="SeleniumLibrary">
<arg>${forms_cidade}</arg>
<doc>Waits until the element ``locator`` is visible.</doc>
<status status="PASS" starttime="20230325 20:22:07.586" endtime="20230325 20:22:07.598"/>
</kw>
<kw name="Click Element" library="SeleniumLibrary">
<arg>${forms_cidade}</arg>
<doc>Click the element identified by ``locator``.</doc>
<msg timestamp="20230325 20:22:07.599" level="INFO">Clicking element 'id=cidade'.</msg>
<status status="PASS" starttime="20230325 20:22:07.599" endtime="20230325 20:22:07.818"/>
</kw>
<kw name="Input Text" library="SeleniumLibrary">
<arg>${forms_cidade}</arg>
<arg>${cidade}</arg>
<doc>Types the given ``text`` into the text field identified by ``locator``.</doc>
<msg timestamp="20230325 20:22:07.818" level="INFO">Typing text 'Curitiba' into text field 'id=cidade'.</msg>
<status status="PASS" starttime="20230325 20:22:07.818" endtime="20230325 20:22:07.835"/>
</kw>
<kw name="Sleep" library="BuiltIn">
<arg>0.5s</arg>
<doc>Pauses the test executed for the given time.</doc>
<msg timestamp="20230325 20:22:08.344" level="INFO">Slept 500 milliseconds</msg>
<status status="PASS" starttime="20230325 20:22:07.835" endtime="20230325 20:22:08.344"/>
</kw>
<status status="PASS" starttime="20230325 20:22:07.585" endtime="20230325 20:22:08.345"/>
</kw>
<kw name="Insert estado" library="kws_formulario">
<arg>${estado}</arg>
<kw name="Wait Until Element Is Visible" library="SeleniumLibrary">
<arg>${forms_estado}</arg>
<doc>Waits until the element ``locator`` is visible.</doc>
<status status="PASS" starttime="20230325 20:22:08.346" endtime="20230325 20:22:08.387"/>
</kw>
<kw name="Click Element" library="SeleniumLibrary">
<arg>${forms_estado}</arg>
<doc>Click the element identified by ``locator``.</doc>
<msg timestamp="20230325 20:22:08.388" level="INFO">Clicking element 'id=estado'.</msg>
<status status="PASS" starttime="20230325 20:22:08.388" endtime="20230325 20:22:08.629"/>
</kw>
<kw name="Input Text" library="SeleniumLibrary">
<arg>${forms_estado}</arg>
<arg>${estado}</arg>
<doc>Types the given ``text`` into the text field identified by ``locator``.</doc>
<msg timestamp="20230325 20:22:08.630" level="INFO">Typing text 'PR' into text field 'id=estado'.</msg>
<status status="PASS" starttime="20230325 20:22:08.630" endtime="20230325 20:22:08.643"/>
</kw>
<kw name="Sleep" library="BuiltIn">
<arg>0.5s</arg>
<doc>Pauses the test executed for the given time.</doc>
<msg timestamp="20230325 20:22:09.158" level="INFO">Slept 500 milliseconds</msg>
<status status="PASS" starttime="20230325 20:22:08.643" endtime="20230325 20:22:09.158"/>
</kw>
<status status="PASS" starttime="20230325 20:22:08.345" endtime="20230325 20:22:09.158"/>
</kw>
<kw name="Insert endereço" library="kws_formulario">
<arg>${endereco}</arg>
<kw name="Wait Until Element Is Visible" library="SeleniumLibrary">
<arg>${forms_endereco}</arg>
<doc>Waits until the element ``locator`` is visible.</doc>
<status status="PASS" starttime="20230325 20:22:09.160" endtime="20230325 20:22:09.173"/>
</kw>
<kw name="Click Element" library="SeleniumLibrary">
<arg>${forms_endereco}</arg>
<doc>Click the element identified by ``locator``.</doc>
<msg timestamp="20230325 20:22:09.174" level="INFO">Clicking element 'id=endereco'.</msg>
<status status="PASS" starttime="20230325 20:22:09.174" endtime="20230325 20:22:09.392"/>
</kw>
<kw name="Input Text" library="SeleniumLibrary">
<arg>${forms_endereco}</arg>
<arg>${endereco}</arg>
<doc>Types the given ``text`` into the text field identified by ``locator``.</doc>
<msg timestamp="20230325 20:22:09.393" level="INFO">Typing text 'Rua São José - 638.' into text field 'id=endereco'.</msg>
<status status="PASS" starttime="20230325 20:22:09.393" endtime="20230325 20:22:09.409"/>
</kw>
<kw name="Sleep" library="BuiltIn">
<arg>0.5s</arg>
<doc>Pauses the test executed for the given time.</doc>
<msg timestamp="20230325 20:22:09.922" level="INFO">Slept 500 milliseconds</msg>
<status status="PASS" starttime="20230325 20:22:09.409" endtime="20230325 20:22:09.922"/>
</kw>
<status status="PASS" starttime="20230325 20:22:09.159" endtime="20230325 20:22:09.922"/>
</kw>
<kw name="Finish creation" library="kws_formulario">
<kw name="Wait Until Element Is Visible" library="SeleniumLibrary">
<arg>${forms_enviar}</arg>
<doc>Waits until the element ``locator`` is visible.</doc>
<status status="PASS" starttime="20230325 20:22:09.923" endtime="20230325 20:22:09.934"/>
</kw>
<kw name="Click Element" library="SeleniumLibrary">
<arg>${forms_enviar}</arg>
<doc>Click the element identified by ``locator``.</doc>
<msg timestamp="20230325 20:22:09.935" level="INFO">Clicking element 'id=submit'.</msg>
<status status="PASS" starttime="20230325 20:22:09.935" endtime="20230325 20:22:09.981"/>
</kw>
<kw name="Sleep" library="BuiltIn">
<arg>2s</arg>
<doc>Pauses the test executed for the given time.</doc>
<msg timestamp="20230325 20:22:11.992" level="INFO">Slept 2 seconds</msg>
<status status="PASS" starttime="20230325 20:22:09.981" endtime="20230325 20:22:11.992"/>
</kw>
<status status="PASS" starttime="20230325 20:22:09.922" endtime="20230325 20:22:11.992"/>
</kw>
<status status="PASS" starttime="20230325 20:22:04.542" endtime="20230325 20:22:11.992"/>
</iter>
<iter>
<var name="${usuario}">{'nome': 'Fernanda Morais', 'email': 'fernando.morais@case.com', 'telefone': '(41) 98546-5879', 'sexo': 'Feminino', 'cidade': 'Colombo', 'estado': 'PR', 'endereco': 'Rua\xa0São Paulo - 619.'}</var>
<kw name="Set Variable" library="BuiltIn">
<var>${nome}</var>
<arg>${usuario.get('nome')}</arg>
<doc>Returns the given values which can then be assigned to a variables.</doc>
<msg timestamp="20230325 20:22:11.994" level="INFO">${nome} = Fernanda Morais</msg>
<status status="PASS" starttime="20230325 20:22:11.993" endtime="20230325 20:22:11.994"/>
</kw>
<kw name="Set Variable" library="BuiltIn">
<var>${email}</var>
<arg>${usuario.get('email')}</arg>
<doc>Returns the given values which can then be assigned to a variables.</doc>
<msg timestamp="20230325 20:22:11.995" level="INFO">${email} = fernando.morais@case.com</msg>
<status status="PASS" starttime="20230325 20:22:11.994" endtime="20230325 20:22:11.995"/>
</kw>
<kw name="Set Variable" library="BuiltIn">
<var>${tel}</var>
<arg>${usuario.get('telefone')}</arg>
<doc>Returns the given values which can then be assigned to a variables.</doc>
<msg timestamp="20230325 20:22:11.995" level="INFO">${tel} = (41) 98546-5879</msg>
<status status="PASS" starttime="20230325 20:22:11.995" endtime="20230325 20:22:11.995"/>
</kw>
<kw name="Set Variable" library="BuiltIn">
<var>${sexo}</var>
<arg>${usuario.get('sexo')}</arg>
<doc>Returns the given values which can then be assigned to a variables.</doc>
<msg timestamp="20230325 20:22:11.996" level="INFO">${sexo} = Feminino</msg>
<status status="PASS" starttime="20230325 20:22:11.995" endtime="20230325 20:22:11.996"/>
</kw>
<kw name="Set Variable" library="BuiltIn">
<var>${cidade}</var>
<arg>${usuario.get('cidade')}</arg>
<doc>Returns the given values which can then be assigned to a variables.</doc>
<msg timestamp="20230325 20:22:11.997" level="INFO">${cidade} = Colombo</msg>
<status status="PASS" starttime="20230325 20:22:11.996" endtime="20230325 20:22:11.997"/>
</kw>
<kw name="Set Variable" library="BuiltIn">
<var>${estado}</var>
<arg>${usuario.get('estado')}</arg>
<doc>Returns the given values which can then be assigned to a variables.</doc>
<msg timestamp="20230325 20:22:11.998" level="INFO">${estado} = PR</msg>
<status status="PASS" starttime="20230325 20:22:11.997" endtime="20230325 20:22:11.998"/>
</kw>
<kw name="Set Variable" library="BuiltIn">
<var>${endereco}</var>
<arg>${usuario.get('endereco')}</arg>
<doc>Returns the given values which can then be assigned to a variables.</doc>
<msg timestamp="20230325 20:22:11.998" level="INFO">${endereco} = Rua São Paulo - 619.</msg>
<status status="PASS" starttime="20230325 20:22:11.998" endtime="20230325 20:22:11.998"/>
</kw>
<kw name="Insert name" library="kws_formulario">
<arg>${nome}</arg>
<kw name="Wait Until Element Is Visible" library="SeleniumLibrary">
<arg>${forms_nome}</arg>
<doc>Waits until the element ``locator`` is visible.</doc>
<status status="PASS" starttime="20230325 20:22:11.999" endtime="20230325 20:22:12.012"/>
</kw>
<kw name="Click Element" library="SeleniumLibrary">
<arg>${forms_nome}</arg>
<doc>Click the element identified by ``locator``.</doc>
<msg timestamp="20230325 20:22:12.012" level="INFO">Clicking element 'id=nome'.</msg>
<status status="PASS" starttime="20230325 20:22:12.012" endtime="20230325 20:22:12.226"/>
</kw>
<kw name="Input Text" library="SeleniumLibrary">
<arg>${forms_nome}</arg>
<arg>${nome}</arg>
<doc>Types the given ``text`` into the text field identified by ``locator``.</doc>
<msg timestamp="20230325 20:22:12.226" level="INFO">Typing text 'Fernanda Morais' into text field 'id=nome'.</msg>
<status status="PASS" starttime="20230325 20:22:12.226" endtime="20230325 20:22:12.241"/>
</kw>
<kw name="Sleep" library="BuiltIn">
<arg>0.5s</arg>
<doc>Pauses the test executed for the given time.</doc>
<msg timestamp="20230325 20:22:12.742" level="INFO">Slept 500 milliseconds</msg>
<status status="PASS" starttime="20230325 20:22:12.241" endtime="20230325 20:22:12.742"/>
</kw>
<status status="PASS" starttime="20230325 20:22:11.998" endtime="20230325 20:22:12.743"/>
</kw>
<kw name="Insert email" library="kws_formulario">
<arg>${email}</arg>
<kw name="Wait Until Element Is Visible" library="SeleniumLibrary">
<arg>${forms_email}</arg>
<doc>Waits until the element ``locator`` is visible.</doc>
<status status="PASS" starttime="20230325 20:22:12.745" endtime="20230325 20:22:12.782"/>
</kw>
<kw name="Click Element" library="SeleniumLibrary">
<arg>${forms_email}</arg>
<doc>Click the element identified by ``locator``.</doc>
<msg timestamp="20230325 20:22:12.784" level="INFO">Clicking element 'id=email'.</msg>
<status status="PASS" starttime="20230325 20:22:12.783" endtime="20230325 20:22:13.007"/>
</kw>
<kw name="Input Text" library="SeleniumLibrary">
<arg>${forms_email}</arg>
<arg>${email}</arg>
<doc>Types the given ``text`` into the text field identified by ``locator``.</doc>
<msg timestamp="20230325 20:22:13.008" level="INFO">Typing text 'fernando.morais@case.com' into text field 'id=email'.</msg>
<status status="PASS" starttime="20230325 20:22:13.007" endtime="20230325 20:22:13.027"/>
</kw>
<kw name="Sleep" library="BuiltIn">
<arg>0.5s</arg>
<doc>Pauses the test executed for the given time.</doc>
<msg timestamp="20230325 20:22:13.533" level="INFO">Slept 500 milliseconds</msg>
<status status="PASS" starttime="20230325 20:22:13.027" endtime="20230325 20:22:13.533"/>
</kw>
<status status="PASS" starttime="20230325 20:22:12.743" endtime="20230325 20:22:13.533"/>
</kw>
<kw name="Insert tel" library="kws_formulario">
<arg>${tel}</arg>
<kw name="Wait Until Element Is Visible" library="SeleniumLibrary">
<arg>${forms_telefone}</arg>
<doc>Waits until the element ``locator`` is visible.</doc>
<status status="PASS" starttime="20230325 20:22:13.533" endtime="20230325 20:22:13.545"/>
</kw>
<kw name="Click Element" library="SeleniumLibrary">
<arg>${forms_telefone}</arg>
<doc>Click the element identified by ``locator``.</doc>
<msg timestamp="20230325 20:22:13.546" level="INFO">Clicking element 'id=telefone'.</msg>
<status status="PASS" starttime="20230325 20:22:13.546" endtime="20230325 20:22:13.764"/>
</kw>
<kw name="Input Text" library="SeleniumLibrary">
<arg>${forms_telefone}</arg>
<arg>${tel}</arg>
<doc>Types the given ``text`` into the text field identified by ``locator``.</doc>
<msg timestamp="20230325 20:22:13.764" level="INFO">Typing text '(41) 98546-5879' into text field 'id=telefone'.</msg>
<status status="PASS" starttime="20230325 20:22:13.764" endtime="20230325 20:22:13.780"/>
</kw>
<kw name="Sleep" library="BuiltIn">
<arg>0.5s</arg>
<doc>Pauses the test executed for the given time.</doc>
<msg timestamp="20230325 20:22:14.292" level="INFO">Slept 500 milliseconds</msg>
<status status="PASS" starttime="20230325 20:22:13.780" endtime="20230325 20:22:14.292"/>
</kw>
<status status="PASS" starttime="20230325 20:22:13.533" endtime="20230325 20:22:14.294"/>
</kw>
<kw name="Insert sexo" library="kws_formulario">
<arg>${sexo}</arg>
<kw name="Set Variable" library="BuiltIn">
<var>${sexo_f}</var>
<arg>${sexo.lower() == 'feminino'}</arg>
<doc>Returns the given values which can then be assigned to a variables.</doc>
<msg timestamp="20230325 20:22:14.300" level="INFO">${sexo_f} = True</msg>
<status status="PASS" starttime="20230325 20:22:14.297" endtime="20230325 20:22:14.300"/>
</kw>
<kw name="Set Variable" library="BuiltIn">
<var>${sexo_m}</var>
<arg>${sexo.lower() == 'masculino'}</arg>
<doc>Returns the given values which can then be assigned to a variables.</doc>
<msg timestamp="20230325 20:22:14.301" level="INFO">${sexo_m} = False</msg>
<status status="PASS" starttime="20230325 20:22:14.300" endtime="20230325 20:22:14.301"/>
</kw>
<kw name="Set Variable" library="BuiltIn">
<var>${sexo_o}</var>
<arg>${sexo.lower() == 'outros'}</arg>
<doc>Returns the given values which can then be assigned to a variables.</doc>
<msg timestamp="20230325 20:22:14.303" level="INFO">${sexo_o} = False</msg>
<status status="PASS" starttime="20230325 20:22:14.302" endtime="20230325 20:22:14.303"/>
</kw>
<kw name="Run Keyword If" library="BuiltIn">
<arg>${sexo_m}</arg>
<arg>Click Element</arg>
<arg>${forms_sexo_masc}</arg>
<doc>Runs the given keyword with the given arguments, if ``condition`` is true.</doc>
<status status="PASS" starttime="20230325 20:22:14.303" endtime="20230325 20:22:14.303"/>
</kw>
<kw name="Run Keyword If" library="BuiltIn">
<arg>${sexo_f}</arg>
<arg>Click Element</arg>
<arg>${forms_sexo_femi}</arg>
<doc>Runs the given keyword with the given arguments, if ``condition`` is true.</doc>
<kw name="Click Element" library="SeleniumLibrary">
<arg>${forms_sexo_femi}</arg>
<doc>Click the element identified by ``locator``.</doc>
<msg timestamp="20230325 20:22:14.304" level="INFO">Clicking element 'id=feminino'.</msg>
<status status="PASS" starttime="20230325 20:22:14.304" endtime="20230325 20:22:14.527"/>
</kw>
<status status="PASS" starttime="20230325 20:22:14.304" endtime="20230325 20:22:14.528"/>
</kw>
<kw name="Run Keyword If" library="BuiltIn">
<arg>${sexo_o}</arg>
<arg>Click Element</arg>
<arg>${forms_sexo_outro}</arg>
<doc>Runs the given keyword with the given arguments, if ``condition`` is true.</doc>
<status status="PASS" starttime="20230325 20:22:14.528" endtime="20230325 20:22:14.529"/>
</kw>
<kw name="Sleep" library="BuiltIn">
<arg>0.5s</arg>
<doc>Pauses the test executed for the given time.</doc>
<msg timestamp="20230325 20:22:15.037" level="INFO">Slept 500 milliseconds</msg>
<status status="PASS" starttime="20230325 20:22:14.530" endtime="20230325 20:22:15.037"/>
</kw>
<status status="PASS" starttime="20230325 20:22:14.294" endtime="20230325 20:22:15.038"/>
</kw>
<kw name="Insert cidade" library="kws_formulario">
<arg>${cidade}</arg>
<kw name="Wait Until Element Is Visible" library="SeleniumLibrary">
<arg>${forms_cidade}</arg>
<doc>Waits until the element ``locator`` is visible.</doc>
<status status="PASS" starttime="20230325 20:22:15.040" endtime="20230325 20:22:15.055"/>
</kw>
<kw name="Click Element" library="SeleniumLibrary">
<arg>${forms_cidade}</arg>
<doc>Click the element identified by ``locator``.</doc>
<msg timestamp="20230325 20:22:15.055" level="INFO">Clicking element 'id=cidade'.</msg>
<status status="PASS" starttime="20230325 20:22:15.055" endtime="20230325 20:22:15.270"/>
</kw>
<kw name="Input Text" library="SeleniumLibrary">
<arg>${forms_cidade}</arg>
<arg>${cidade}</arg>
<doc>Types the given ``text`` into the text field identified by ``locator``.</doc>
<msg timestamp="20230325 20:22:15.271" level="INFO">Typing text 'Colombo' into text field 'id=cidade'.</msg>
<status status="PASS" starttime="20230325 20:22:15.270" endtime="20230325 20:22:15.286"/>
</kw>
<kw name="Sleep" library="BuiltIn">
<arg>0.5s</arg>
<doc>Pauses the test executed for the given time.</doc>
<msg timestamp="20230325 20:22:15.798" level="INFO">Slept 500 milliseconds</msg>
<status status="PASS" starttime="20230325 20:22:15.286" endtime="20230325 20:22:15.798"/>
</kw>
<status status="PASS" starttime="20230325 20:22:15.039" endtime="20230325 20:22:15.798"/>
</kw>
<kw name="Insert estado" library="kws_formulario">
<arg>${estado}</arg>
<kw name="Wait Until Element Is Visible" library="SeleniumLibrary">
<arg>${forms_estado}</arg>
<doc>Waits until the element ``locator`` is visible.</doc>
<status status="PASS" starttime="20230325 20:22:15.798" endtime="20230325 20:22:15.811"/>
</kw>
<kw name="Click Element" library="SeleniumLibrary">
<arg>${forms_estado}</arg>
<doc>Click the element identified by ``locator``.</doc>
<msg timestamp="20230325 20:22:15.812" level="INFO">Clicking element 'id=estado'.</msg>
<status status="PASS" starttime="20230325 20:22:15.811" endtime="20230325 20:22:16.035"/>
</kw>
<kw name="Input Text" library="SeleniumLibrary">
<arg>${forms_estado}</arg>
<arg>${estado}</arg>
<doc>Types the given ``text`` into the text field identified by ``locator``.</doc>
<msg timestamp="20230325 20:22:16.036" level="INFO">Typing text 'PR' into text field 'id=estado'.</msg>
<status status="PASS" starttime="20230325 20:22:16.035" endtime="20230325 20:22:16.060"/>
</kw>
<kw name="Sleep" library="BuiltIn">
<arg>0.5s</arg>
<doc>Pauses the test executed for the given time.</doc>
<msg timestamp="20230325 20:22:16.576" level="INFO">Slept 500 milliseconds</msg>
<status status="PASS" starttime="20230325 20:22:16.060" endtime="20230325 20:22:16.576"/>
</kw>
<status status="PASS" starttime="20230325 20:22:15.798" endtime="20230325 20:22:16.576"/>
</kw>
<kw name="Insert endereço" library="kws_formulario">
<arg>${endereco}</arg>
<kw name="Wait Until Element Is Visible" library="SeleniumLibrary">
<arg>${forms_endereco}</arg>
<doc>Waits until the element ``locator`` is visible.</doc>
<status status="PASS" starttime="20230325 20:22:16.577" endtime="20230325 20:22:16.588"/>
</kw>
<kw name="Click Element" library="SeleniumLibrary">
<arg>${forms_endereco}</arg>
<doc>Click the element identified by ``locator``.</doc>
<msg timestamp="20230325 20:22:16.589" level="INFO">Clicking element 'id=endereco'.</msg>
<status status="PASS" starttime="20230325 20:22:16.589" endtime="20230325 20:22:16.812"/>
</kw>
<kw name="Input Text" library="SeleniumLibrary">
<arg>${forms_endereco}</arg>
<arg>${endereco}</arg>
<doc>Types the given ``text`` into the text field identified by ``locator``.</doc>
<msg timestamp="20230325 20:22:16.813" level="INFO">Typing text 'Rua São Paulo - 619.' into text field 'id=endereco'.</msg>
<status status="PASS" starttime="20230325 20:22:16.812" endtime="20230325 20:22:16.830"/>
</kw>
<kw name="Sleep" library="BuiltIn">
<arg>0.5s</arg>
<doc>Pauses the test executed for the given time.</doc>
<msg timestamp="20230325 20:22:17.340" level="INFO">Slept 500 milliseconds</msg>
<status status="PASS" starttime="20230325 20:22:16.830" endtime="20230325 20:22:17.340"/>
</kw>
<status status="PASS" starttime="20230325 20:22:16.576" endtime="20230325 20:22:17.340"/>
</kw>
<kw name="Finish creation" library="kws_formulario">
<kw name="Wait Until Element Is Visible" library="SeleniumLibrary">
<arg>${forms_enviar}</arg>
<doc>Waits until the element ``locator`` is visible.</doc>
<msg timestamp="20230325 20:22:17.483" level="WARN">Keyword 'Capture Page Screenshot' could not be run on failure: Message: Tried to run command without establishing a connection
</msg>
<msg timestamp="20230325 20:22:17.484" level="FAIL">WebDriverException: Message: Failed to decode response from marionette
</msg>
<status status="FAIL" starttime="20230325 20:22:17.341" endtime="20230325 20:22:17.487"/>
</kw>
<kw name="Click Element" library="SeleniumLibrary">
<arg>${forms_enviar}</arg>
<doc>Click the element identified by ``locator``.</doc>
<status status="NOT RUN" starttime="20230325 20:22:17.487" endtime="20230325 20:22:17.487"/>
</kw>
<kw name="Sleep" library="BuiltIn">
<arg>2s</arg>
<doc>Pauses the test executed for the given time.</doc>
<status status="NOT RUN" starttime="20230325 20:22:17.487" endtime="20230325 20:22:17.487"/>
</kw>
<status status="FAIL" starttime="20230325 20:22:17.340" endtime="20230325 20:22:17.488"/>
</kw>
<status status="FAIL" starttime="20230325 20:22:11.993" endtime="20230325 20:22:17.488"/>
</iter>
<status status="FAIL" starttime="20230325 20:21:57.005" endtime="20230325 20:22:17.488"/>
</for>
<kw name="Close Browser" library="SeleniumLibrary" type="TEARDOWN">
<doc>Closes the current browser.</doc>
<status status="PASS" starttime="20230325 20:22:17.489" endtime="20230325 20:22:17.493"/>
</kw>
<status status="FAIL" starttime="20230325 20:21:51.132" endtime="20230325 20:22:17.493">WebDriverException: Message: Failed to decode response from marionette
</status>
</test>
<doc>Aqui neste arquivo estarão presentes todos os testes</doc>
<status status="FAIL" starttime="20230325 20:21:49.520" endtime="20230325 20:22:17.494"/>
</suite>
<statistics>
<total>
<stat pass="0" fail="1" skip="0">All Tests</stat>
</total>
<tag>
</tag>
<suite>
<stat pass="0" fail="1" skip="0" id="s1" name="Formulario">Formulario</stat>
</suite>
</statistics>
<errors>
<msg timestamp="20230325 20:22:17.483" level="WARN">Keyword 'Capture Page Screenshot' could not be run on failure: Message: Tried to run command without establishing a connection
</msg>
</errors>
</robot>
